2023-06-26 19:16:35.580 [AWT-EventQueue-0] INFO  org.example.Models.Behavior.AirConditionerBehavior - user file created 
2023-06-26 19:16:35.592 [AWT-EventQueue-0] FATAL org.example.Models.Behavior.AirConditionerBehavior - file can not read and create
2023-06-26 19:56:58.662 [AWT-EventQueue-0] INFO  org.example.Models.Behavior.AirConditionerBehavior - user file created 
2023-06-26 19:56:58.664 [AWT-EventQueue-0] FATAL org.example.Models.Behavior.AirConditionerBehavior - file can not read and create
2023-06-26 19:57:23.729 [AWT-EventQueue-0] INFO  org.example.Models.Behavior.AirConditionerBehavior - user file created 
2023-06-26 19:57:23.731 [AWT-EventQueue-0] FATAL org.example.Models.Behavior.AirConditionerBehavior - file can not read and create
2023-06-26 20:00:25.803 [AWT-EventQueue-0] INFO  org.example.Models.Behavior.AirConditionerBehavior - user file created 
2023-06-26 20:00:25.805 [AWT-EventQueue-0] FATAL org.example.Models.Behavior.AirConditionerBehavior - file can not read and create
2023-06-26 20:01:45.435 [AWT-EventQueue-0] INFO  org.example.Models.Behavior.AirConditionerBehavior - user file created 
2023-06-26 20:06:26.625 [AWT-EventQueue-0] INFO  org.example.Models.Behavior.AirConditionerBehavior - user file created 
2023-06-26 20:07:38.318 [AWT-EventQueue-0] INFO  org.example.Models.Behavior.AirConditionerBehavior - user file created 
2023-06-26 20:09:25.991 [AWT-EventQueue-0] INFO  org.example.Models.Behavior.AirConditionerBehavior - user file created 
2023-06-26 20:10:02.291 [AWT-EventQueue-0] INFO  org.example.Models.Behavior.AirConditionerBehavior - user file created 
2023-06-26 20:57:55.216 [AWT-EventQueue-0] INFO  org.example.Models.Behavior.AirConditionerBehavior - user file created 
2023-06-26 20:59:05.157 [AWT-EventQueue-0] INFO  org.example.Models.Behavior.AirConditionerBehavior - user file created 
2023-06-26 20:59:46.574 [AWT-EventQueue-0] INFO  org.example.Models.Behavior.AirConditionerBehavior - user file created 
2023-06-26 21:00:15.975 [AWT-EventQueue-0] INFO  org.example.Models.Behavior.AirConditionerBehavior - user file created 
2023-06-26 21:01:26.825 [AWT-EventQueue-0] INFO  org.example.Models.Behavior.AirConditionerBehavior - user file created 
2023-06-26 21:01:28.731 [AWT-EventQueue-0] INFO  org.example.Models.Behavior.AirConditionerBehavior - user with username :try to login
2023-06-26 21:01:36.632 [AWT-EventQueue-0] INFO  org.example.Models.Behavior.AirConditionerBehavior - user with username :xfdsf try to login
2023-06-27 10:36:07.209 [AWT-EventQueue-0] INFO  org.example.Models.Behavior.UserBehavior - user file created 
2023-06-27 10:37:00.181 [AWT-EventQueue-0] INFO  org.example.Models.Behavior.UserBehavior - user file created 
2023-06-27 10:37:34.149 [AWT-EventQueue-0] INFO  org.example.Models.Behavior.UserBehavior - user file created 
2023-06-27 10:42:50.110 [AWT-EventQueue-0] INFO  org.example.Models.Behavior.UserBehavior - user file created 
2023-06-27 10:43:21.318 [AWT-EventQueue-0] INFO  org.example.Models.Behavior.UserBehavior - user file created 
2023-06-27 10:43:38.003 [AWT-EventQueue-0] INFO  org.example.Models.Behavior.UserBehavior - user file created 
2023-06-27 10:46:52.883 [AWT-EventQueue-0] INFO  org.example.Models.Behavior.UserBehavior - user file created 
2023-06-27 10:48:42.645 [AWT-EventQueue-0] INFO  org.example.Models.Behavior.UserBehavior - user file created 
2023-06-27 10:50:19.394 [AWT-EventQueue-0] INFO  org.example.Models.Behavior.UserBehavior - user file created 
2023-06-27 10:51:06.318 [AWT-EventQueue-0] INFO  org.example.Models.Behavior.UserBehavior - user file created 
2023-06-27 10:51:34.952 [AWT-EventQueue-0] INFO  org.example.Models.Behavior.UserBehavior - user file created 
2023-06-27 10:52:19.925 [AWT-EventQueue-0] INFO  org.example.Models.Behavior.UserBehavior - user file created 
2023-06-27 10:52:59.628 [AWT-EventQueue-0] INFO  org.example.Models.Behavior.UserBehavior - user file created 
2023-06-27 11:26:14.820 [AWT-EventQueue-0] INFO  org.example.Models.Behavior.UserBehavior - user file created 
2023-06-27 11:26:56.766 [AWT-EventQueue-0] FATAL org.example.Models.Behavior.UserBehavior - java.io.NotSerializableException: org.example.Models.Entities.UserEntity
2023-06-27 11:27:22.116 [AWT-EventQueue-0] INFO  org.example.Models.Behavior.UserBehavior - user with username :m.hoseini9266try to login
2023-06-27 11:29:01.353 [AWT-EventQueue-0] WARN  org.example.Models.Behavior.UserBehavior - java.io.WriteAbortedException: writing aborted; java.io.NotSerializableException: org.example.Models.Entities.UserEntity
2023-06-27 11:29:01.356 [AWT-EventQueue-0] INFO  org.example.Models.Behavior.UserBehavior - user file created 
2023-06-27 11:29:51.058 [AWT-EventQueue-0] FATAL org.example.Models.Behavior.UserBehavior - java.io.NotSerializableException: org.example.Models.Entities.UserEntity
2023-06-27 11:32:56.460 [AWT-EventQueue-0] WARN  org.example.Models.Behavior.UserBehavior - java.io.FileNotFoundException: src/main/java/org/example/Models/Files/users.ser (No such file or directory)
2023-06-27 11:32:56.463 [AWT-EventQueue-0] INFO  org.example.Models.Behavior.UserBehavior - user file created 
2023-06-27 11:33:23.677 [AWT-EventQueue-0] FATAL org.example.Models.Behavior.UserBehavior - java.io.NotSerializableException: org.example.Models.Entities.UserEntity
2023-06-27 11:33:57.758 [AWT-EventQueue-0] WARN  org.example.Models.Behavior.UserBehavior - java.io.WriteAbortedException: writing aborted; java.io.NotSerializableException: org.example.Models.Entities.UserEntity
2023-06-27 11:33:57.759 [AWT-EventQueue-0] INFO  org.example.Models.Behavior.UserBehavior - user file created 
2023-06-27 11:34:32.738 [AWT-EventQueue-0] FATAL org.example.Models.Behavior.UserBehavior - java.io.NotSerializableException: org.example.Models.Entities.UserEntity
2023-06-27 11:35:03.881 [AWT-EventQueue-0] WARN  org.example.Models.Behavior.UserBehavior - writing aborted; java.io.NotSerializableException: org.example.Models.Entities.UserEntity
2023-06-27 11:35:03.883 [AWT-EventQueue-0] INFO  org.example.Models.Behavior.UserBehavior - user file created 
2023-06-27 11:35:30.757 [AWT-EventQueue-0] FATAL org.example.Models.Behavior.UserBehavior - java.io.NotSerializableException: org.example.Models.Entities.UserEntity
2023-06-27 11:36:05.050 [AWT-EventQueue-0] WARN  org.example.Models.Behavior.UserBehavior - writing aborted; java.io.NotSerializableException: org.example.Models.Entities.UserEntity
2023-06-27 11:36:05.052 [AWT-EventQueue-0] INFO  org.example.Models.Behavior.UserBehavior - user file created 
2023-06-27 11:36:23.674 [AWT-EventQueue-0] FATAL org.example.Models.Behavior.UserBehavior - org.example.Models.Entities.UserEntity
2023-06-27 11:37:00.490 [AWT-EventQueue-0] FATAL org.example.Models.Behavior.UserBehavior - org.example.Models.Entities.UserEntity
2023-06-27 11:55:25.049 [AWT-EventQueue-0] WARN  org.example.Models.Behavior.UserBehavior - writing aborted; java.io.NotSerializableException: org.example.Models.Entities.UserEntity
2023-06-27 11:55:25.051 [AWT-EventQueue-0] INFO  org.example.Models.Behavior.UserBehavior - user file created 
2023-06-27 11:57:10.181 [AWT-EventQueue-0] WARN  org.example.Models.Behavior.UserBehavior - writing aborted; java.io.NotSerializableException: org.example.Models.Entities.UserEntity
2023-06-27 11:57:10.183 [AWT-EventQueue-0] INFO  org.example.Models.Behavior.UserBehavior - user file created 
2023-06-27 11:57:29.870 [AWT-EventQueue-0] INFO  org.example.Models.Behavior.UserBehavior - user created account: UserEntity{userName='YSYUG', numberPhone='3497', password='3497', hashPassword='27335c6f0f67cb71eb11377aa44c8c1dee360050e9c98b85ba13bc0a9c58dbc2', email='DYF', created=Tue Jun 27 11:57:29 IRST 2023}
2023-06-27 11:57:44.058 [AWT-EventQueue-0] INFO  org.example.Models.Behavior.UserBehavior - user file readed 
2023-06-27 11:58:16.203 [AWT-EventQueue-0] INFO  org.example.Models.Behavior.UserBehavior - user created account: UserEntity{userName='m.hoseini', numberPhone='09162785273', password='09162785273', hashPassword='041315fa36b25e90dfd56bf8a5bfb36699b4c39071cc5605828ac3cdf240f7f3', email='m.hoseini9266@gmail.com', created=Tue Jun 27 11:58:16 IRST 2023}
2023-06-27 11:58:31.596 [AWT-EventQueue-0] INFO  org.example.Models.Behavior.UserBehavior - user with username :m.hoseini9266try to login
2023-06-27 11:58:46.761 [AWT-EventQueue-0] INFO  org.example.Models.Behavior.UserBehavior - user with username :m.hoseinitry to login
2023-06-27 11:58:50.401 [AWT-EventQueue-0] INFO  org.example.Models.Behavior.UserBehavior - user with username :m.hoseinitry to login
2023-06-27 12:01:33.461 [AWT-EventQueue-0] INFO  org.example.Models.Behavior.UserBehavior - user file readed 
2023-06-27 12:01:42.933 [AWT-EventQueue-0] INFO  org.example.Models.Behavior.UserBehavior - user with username :m.hoseinitry to login
2023-06-27 12:02:33.844 [AWT-EventQueue-0] INFO  org.example.Models.Behavior.UserBehavior - user file readed 
2023-06-27 12:03:08.120 [AWT-EventQueue-0] INFO  org.example.Models.Behavior.UserBehavior - user created account: UserEntity{userName='m.ilaghi', numberPhone='09162785273', password='09162785273', hashPassword='041315fa36b25e90dfd56bf8a5bfb36699b4c39071cc5605828ac3cdf240f7f3', email='m.ilaghi@gmail.com', created=Tue Jun 27 12:03:08 IRST 2023}
2023-06-27 12:03:36.877 [AWT-EventQueue-0] INFO  org.example.Models.Behavior.UserBehavior - user with username :m.ilaghitry to login
2023-06-27 12:04:37.694 [AWT-EventQueue-0] INFO  org.example.Models.Behavior.UserBehavior - user file readed 
2023-06-27 12:05:25.598 [AWT-EventQueue-0] WARN  org.example.Models.Behavior.UserBehavior - src/main/java/org/example/Models/Files/users.ser (No such file or directory)
2023-06-27 12:05:25.601 [AWT-EventQueue-0] INFO  org.example.Models.Behavior.UserBehavior - user file created 
2023-06-27 12:06:03.599 [AWT-EventQueue-0] INFO  org.example.Models.Behavior.UserBehavior - user created account: UserEntity{userName='m.hoseini', numberPhone='09162785273', password='09162785273', hashPassword='041315fa36b25e90dfd56bf8a5bfb36699b4c39071cc5605828ac3cdf240f7f3', email='m.hoseini9266@gmail.com', created=Tue Jun 27 12:06:03 IRST 2023}
2023-06-27 12:06:23.495 [AWT-EventQueue-0] INFO  org.example.Models.Behavior.UserBehavior - user with username :m.hoseinitry to login
2023-06-27 12:06:58.064 [AWT-EventQueue-0] INFO  org.example.Models.Behavior.UserBehavior - user with username :m.hoseinitry to login
2023-06-27 12:08:39.310 [AWT-EventQueue-0] INFO  org.example.Models.Behavior.UserBehavior - user file readed 
2023-06-27 12:08:49.301 [AWT-EventQueue-0] INFO  org.example.Models.Behavior.UserBehavior - user with username :m.hoseinitry to login
2023-06-27 12:09:13.276 [AWT-EventQueue-0] INFO  org.example.Models.Behavior.UserBehavior - user file readed 
2023-06-27 12:09:22.825 [AWT-EventQueue-0] INFO  org.example.Models.Behavior.UserBehavior - user with username :m.hoseinitry to login
2023-06-27 12:09:29.786 [AWT-EventQueue-0] INFO  org.example.Models.Behavior.UserBehavior - user with username :try to login
2023-06-27 12:09:33.185 [AWT-EventQueue-0] INFO  org.example.Models.Behavior.UserBehavior - user with username :dftry to login
2023-06-27 12:09:38.530 [AWT-EventQueue-0] INFO  org.example.Models.Behavior.UserBehavior - user with username :try to login
2023-06-27 13:00:52.632 [AWT-EventQueue-0] INFO  org.example.Models.Behavior.UserBehavior - user file readed 
2023-06-27 13:01:58.833 [AWT-EventQueue-0] INFO  org.example.Models.Behavior.UserBehavior - user with username :m.hoseinitry to login
2023-06-27 13:30:17.305 [AWT-EventQueue-0] INFO  org.example.Models.Behavior.UserBehavior - user file readed 
2023-06-27 13:31:05.804 [AWT-EventQueue-0] INFO  org.example.Models.Behavior.UserBehavior - user file readed 
2023-06-27 13:31:22.421 [AWT-EventQueue-0] INFO  org.example.Models.Behavior.UserBehavior - user file readed 
2023-06-27 13:44:00.585 [AWT-EventQueue-0] INFO  org.example.Models.Behavior.UserBehavior - user file readed 
2023-06-27 13:54:56.094 [AWT-EventQueue-0] INFO  org.example.Models.Behavior.UserBehavior - user file readed 
2023-06-27 13:55:17.692 [AWT-EventQueue-0] INFO  org.example.Models.Behavior.UserBehavior - user with username :m.hoseinitry to login
2023-06-27 13:55:59.682 [AWT-EventQueue-0] INFO  org.example.Models.Behavior.UserBehavior - user file readed 
2023-06-27 13:56:09.517 [AWT-EventQueue-0] INFO  org.example.Models.Behavior.UserBehavior - user with username :m.hoseinitry to login
2023-06-27 13:57:05.364 [AWT-EventQueue-0] INFO  org.example.Models.Behavior.UserBehavior - user file readed 
2023-06-27 13:57:22.948 [AWT-EventQueue-0] INFO  org.example.Models.Behavior.UserBehavior - user file readed 
2023-06-27 13:57:59.764 [AWT-EventQueue-0] INFO  org.example.Models.Behavior.UserBehavior - user file readed 
2023-06-27 13:58:08.943 [AWT-EventQueue-0] INFO  org.example.Models.Behavior.UserBehavior - user with username :m.hoseinitry to login
2023-06-27 13:58:59.861 [AWT-EventQueue-0] INFO  org.example.Models.Behavior.UserBehavior - user file readed 
2023-06-27 13:59:11.634 [AWT-EventQueue-0] INFO  org.example.Models.Behavior.UserBehavior - user with username :m.hoseinitry to login
2023-06-27 13:59:50.803 [AWT-EventQueue-0] INFO  org.example.Models.Behavior.UserBehavior - user file readed 
2023-06-27 14:00:00.684 [AWT-EventQueue-0] INFO  org.example.Models.Behavior.UserBehavior - user with username :m.hoseinitry to login
2023-06-27 14:03:49.806 [AWT-EventQueue-0] INFO  org.example.Models.Behavior.UserBehavior - user file readed 
2023-06-27 14:04:00.678 [AWT-EventQueue-0] INFO  org.example.Models.Behavior.UserBehavior - user with username :m.hoseinitry to login
2023-06-27 14:04:22.352 [AWT-EventQueue-0] INFO  org.example.Models.Behavior.UserBehavior - user file readed 
2023-06-27 14:04:35.648 [AWT-EventQueue-0] INFO  org.example.Models.Behavior.UserBehavior - user with username :m.hoseinitry to login
2023-06-27 14:04:54.822 [AWT-EventQueue-0] INFO  org.example.Models.Behavior.UserBehavior - user file readed 
2023-06-27 14:05:05.530 [AWT-EventQueue-0] INFO  org.example.Models.Behavior.UserBehavior - user with username :m.hoseinitry to login
2023-06-27 14:06:16.674 [AWT-EventQueue-0] INFO  org.example.Models.Behavior.UserBehavior - user file readed 
2023-06-27 14:06:27.985 [AWT-EventQueue-0] INFO  org.example.Models.Behavior.UserBehavior - user with username :m.hoseinitry to login
2023-06-27 14:53:44.147 [AWT-EventQueue-0] INFO  org.example.Models.Behavior.UserBehavior - user file readed 
2023-06-27 14:53:55.171 [AWT-EventQueue-0] INFO  org.example.Models.Behavior.UserBehavior - user with username :m.hoseinitry to login
2023-06-27 14:54:33.392 [AWT-EventQueue-0] INFO  org.example.Models.Behavior.UserBehavior - user file readed 
2023-06-27 14:54:43.883 [AWT-EventQueue-0] INFO  org.example.Models.Behavior.UserBehavior - user with username :m.hoseinitry to login
2023-06-27 14:57:45.497 [AWT-EventQueue-0] INFO  org.example.Models.Behavior.UserBehavior - user file readed 
2023-06-27 14:58:00.431 [AWT-EventQueue-0] INFO  org.example.Models.Behavior.UserBehavior - user with username :m.hoseinitry to login
2023-06-27 14:58:30.725 [AWT-EventQueue-0] INFO  org.example.Models.Behavior.UserBehavior - user file readed 
2023-06-27 14:58:40.231 [AWT-EventQueue-0] INFO  org.example.Models.Behavior.UserBehavior - user with username :m.hoseinitry to login
2023-06-27 15:02:39.025 [AWT-EventQueue-0] INFO  org.example.Models.Behavior.UserBehavior - user file readed 
2023-06-27 15:02:45.475 [AWT-EventQueue-0] INFO  org.example.Models.Behavior.UserBehavior - user with username :m.hostry to login
2023-06-27 15:02:50.046 [AWT-EventQueue-0] INFO  org.example.Models.Behavior.UserBehavior - user with username :m.hoseinitry to login
2023-06-27 15:02:57.005 [AWT-EventQueue-0] INFO  org.example.Models.Behavior.UserBehavior - user with username :m.hoseinitry to login
2023-06-27 15:04:41.663 [AWT-EventQueue-0] INFO  org.example.Models.Behavior.UserBehavior - user file readed 
2023-06-27 15:04:50.409 [AWT-EventQueue-0] INFO  org.example.Models.Behavior.UserBehavior - user with username :m.hoseinitry to login
2023-06-27 15:07:38.442 [AWT-EventQueue-0] INFO  org.example.Models.Behavior.UserBehavior - user file readed 
2023-06-27 15:07:47.917 [AWT-EventQueue-0] INFO  org.example.Models.Behavior.UserBehavior - user with username :m.hoseinitry to login
2023-06-27 15:08:37.584 [AWT-EventQueue-0] INFO  org.example.Models.Behavior.UserBehavior - user file readed 
2023-06-27 15:08:47.576 [AWT-EventQueue-0] INFO  org.example.Models.Behavior.UserBehavior - user with username :m.hoseinitry to login
2023-06-27 15:09:59.258 [AWT-EventQueue-0] INFO  org.example.Models.Behavior.UserBehavior - user file readed 
2023-06-27 15:10:07.312 [AWT-EventQueue-0] INFO  org.example.Models.Behavior.UserBehavior - user with username :m.hoseinitry to login
2023-06-27 15:46:52.115 [AWT-EventQueue-0] INFO  org.example.Models.Behavior.UserBehavior - user file readed 
2023-06-27 15:47:01.899 [AWT-EventQueue-0] INFO  org.example.Models.Behavior.UserBehavior - user with username :m.hoseinitry to login
2023-06-27 15:48:18.342 [AWT-EventQueue-0] INFO  org.example.Models.Behavior.UserBehavior - user file readed 
2023-06-27 15:48:42.944 [AWT-EventQueue-0] INFO  org.example.Models.Behavior.UserBehavior - user created account: UserEntity{userName='m', numberPhone='09162785273', password='09162785273', hashPassword='041315fa36b25e90dfd56bf8a5bfb36699b4c39071cc5605828ac3cdf240f7f3', email='df', created=Tue Jun 27 15:48:42 IRST 2023}
2023-06-27 15:49:02.562 [AWT-EventQueue-0] INFO  org.example.Models.Behavior.UserBehavior - user file readed 
2023-06-27 15:49:07.956 [AWT-EventQueue-0] INFO  org.example.Models.Behavior.UserBehavior - user with username :mtry to login
2023-06-27 15:49:36.534 [AWT-EventQueue-0] INFO  org.example.Models.Behavior.UserBehavior - user created account: UserEntity{userName='m', numberPhone='09', password='09', hashPassword='3514acf61732f662da19625f7fe781c3e483f2dce8506012f3bb393f5003e105', email='m', created=Tue Jun 27 15:49:36 IRST 2023}
2023-06-27 15:49:51.472 [AWT-EventQueue-0] INFO  org.example.Models.Behavior.UserBehavior - user file readed 
2023-06-27 15:50:06.310 [AWT-EventQueue-0] INFO  org.example.Models.Behavior.UserBehavior - user file readed 
2023-06-27 15:50:09.689 [AWT-EventQueue-0] INFO  org.example.Models.Behavior.UserBehavior - user with username :mtry to login
2023-06-27 15:50:16.965 [AWT-EventQueue-0] INFO  org.example.Models.Behavior.UserBehavior - user with username :mtry to login
2023-06-27 15:52:08.802 [AWT-EventQueue-0] INFO  org.example.Models.Behavior.UserBehavior - user created account: UserEntity{userName='m', numberPhone='m', password='m', hashPassword='62c66a7a5dd70c3146618063c344e531e6d4b59e379808443ce962b3abd63c5a', email='m', created=Tue Jun 27 15:52:08 IRST 2023}
2023-06-27 15:52:49.744 [AWT-EventQueue-0] INFO  org.example.Models.Behavior.UserBehavior - user file readed 
2023-06-27 15:52:53.007 [AWT-EventQueue-0] INFO  org.example.Models.Behavior.UserBehavior - user with username :mtry to login
2023-06-27 15:54:50.470 [AWT-EventQueue-0] INFO  org.example.Models.Behavior.UserBehavior - user file readed 
2023-06-27 15:54:54.740 [AWT-EventQueue-0] INFO  org.example.Models.Behavior.UserBehavior - user with username :mtry to login
2023-06-27 16:06:21.016 [AWT-EventQueue-0] INFO  org.example.Models.Behavior.UserBehavior - user file readed 
2023-06-27 16:06:23.936 [AWT-EventQueue-0] INFO  org.example.Models.Behavior.UserBehavior - user with username :mtry to login
2023-06-27 16:06:46.085 [AWT-EventQueue-0] INFO  org.example.Models.Behavior.UserBehavior - edit userUserEntity{userName='m.ho', numberPhone='m', password='m', hashPassword='62c66a7a5dd70c3146618063c344e531e6d4b59e379808443ce962b3abd63c5a', email='m@gm.co', created=Tue Jun 27 16:06:46 IRST 2023}
2023-06-27 16:06:58.011 [AWT-EventQueue-0] INFO  org.example.Models.Behavior.UserBehavior - user file readed 
2023-06-27 16:07:01.284 [AWT-EventQueue-0] INFO  org.example.Models.Behavior.UserBehavior - user with username :mtry to login
2023-06-27 16:08:35.617 [AWT-EventQueue-0] INFO  org.example.Models.Behavior.UserBehavior - user file readed 
2023-06-27 16:08:39.101 [AWT-EventQueue-0] INFO  org.example.Models.Behavior.UserBehavior - user with username :mtry to login
2023-06-27 16:08:50.219 [AWT-EventQueue-0] INFO  org.example.Models.Behavior.UserBehavior - user editUserEntity{userName='m', numberPhone='m', password='m', hashPassword='62c66a7a5dd70c3146618063c344e531e6d4b59e379808443ce962b3abd63c5a', email='m@ms.co', created=Tue Jun 27 16:08:50 IRST 2023}
2023-06-27 16:08:50.223 [AWT-EventQueue-0] INFO  org.example.Models.Behavior.UserBehavior - edit userUserEntity{userName='m', numberPhone='m', password='m', hashPassword='62c66a7a5dd70c3146618063c344e531e6d4b59e379808443ce962b3abd63c5a', email='m@ms.co', created=Tue Jun 27 16:08:50 IRST 2023}
2023-06-27 16:09:01.819 [AWT-EventQueue-0] INFO  org.example.Models.Behavior.UserBehavior - user file readed 
2023-06-27 16:09:04.381 [AWT-EventQueue-0] INFO  org.example.Models.Behavior.UserBehavior - user with username :mtry to login
2023-06-27 16:10:26.153 [AWT-EventQueue-0] INFO  org.example.Models.Behavior.UserBehavior - user file readed 
2023-06-27 16:10:29.550 [AWT-EventQueue-0] INFO  org.example.Models.Behavior.UserBehavior - user with username :mtry to login
2023-06-27 16:10:41.941 [AWT-EventQueue-0] INFO  org.example.Models.Behavior.UserBehavior - user editUserEntity{userName='m', numberPhone='m', password='m', hashPassword='62c66a7a5dd70c3146618063c344e531e6d4b59e379808443ce962b3abd63c5a', email='m@m.co', created=Tue Jun 27 16:10:41 IRST 2023}
2023-06-27 16:10:41.970 [AWT-EventQueue-0] INFO  org.example.Models.Behavior.UserBehavior - edit userUserEntity{userName='m', numberPhone='m', password='m', hashPassword='62c66a7a5dd70c3146618063c344e531e6d4b59e379808443ce962b3abd63c5a', email='m@m.co', created=Tue Jun 27 16:10:41 IRST 2023}
2023-06-27 16:11:36.130 [AWT-EventQueue-0] INFO  org.example.Models.Behavior.UserBehavior - user file readed 
2023-06-27 16:11:49.770 [AWT-EventQueue-0] INFO  org.example.Models.Behavior.UserBehavior - user with username :mtry to login
2023-06-27 16:12:11.914 [AWT-EventQueue-0] INFO  org.example.Models.Behavior.UserBehavior - user editUserEntity{userName='m', numberPhone='m', password='m', hashPassword='62c66a7a5dd70c3146618063c344e531e6d4b59e379808443ce962b3abd63c5a', email='m@CG.JG', created=Tue Jun 27 16:12:11 IRST 2023}
2023-06-27 16:12:11.941 [AWT-EventQueue-0] INFO  org.example.Models.Behavior.UserBehavior - edit userUserEntity{userName='m', numberPhone='m', password='m', hashPassword='62c66a7a5dd70c3146618063c344e531e6d4b59e379808443ce962b3abd63c5a', email='m@CG.JG', created=Tue Jun 27 16:12:11 IRST 2023}
2023-06-27 16:14:47.154 [AWT-EventQueue-0] INFO  org.example.Models.Behavior.UserBehavior - user file readed 
2023-06-27 16:14:50.523 [AWT-EventQueue-0] INFO  org.example.Models.Behavior.UserBehavior - user with username :mtry to login
2023-06-27 16:17:02.285 [AWT-EventQueue-0] INFO  org.example.Models.Behavior.UserBehavior - user file readed 
2023-06-27 16:17:04.857 [AWT-EventQueue-0] INFO  org.example.Models.Behavior.UserBehavior - user with username :mtry to login
2023-06-27 16:17:15.437 [AWT-EventQueue-0] INFO  org.example.Models.Behavior.UserBehavior - edit userUserEntity{userName='m', numberPhone='m', password='m', hashPassword='62c66a7a5dd70c3146618063c344e531e6d4b59e379808443ce962b3abd63c5a', email='m@ma.co', created=Tue Jun 27 16:17:15 IRST 2023}
2023-06-27 16:18:25.967 [AWT-EventQueue-0] INFO  org.example.Models.Behavior.UserBehavior - user file readed 
2023-06-27 16:18:30.097 [AWT-EventQueue-0] INFO  org.example.Models.Behavior.UserBehavior - user with username :mtry to login
2023-06-27 16:20:09.527 [AWT-EventQueue-0] INFO  org.example.Models.Behavior.UserBehavior - user file readed 
2023-06-27 16:20:36.096 [AWT-EventQueue-0] INFO  org.example.Models.Behavior.UserBehavior - user file readed 
2023-06-27 16:20:41.207 [AWT-EventQueue-0] INFO  org.example.Models.Behavior.UserBehavior - user with username :mtry to login
2023-06-27 16:20:55.611 [AWT-EventQueue-0] INFO  org.example.Models.Behavior.UserBehavior - ;sdUserEntity{userName='m', numberPhone='m', password='m', hashPassword='62c66a7a5dd70c3146618063c344e531e6d4b59e379808443ce962b3abd63c5a', email='m@md.vo', created=Tue Jun 27 16:20:55 IRST 2023}
2023-06-27 16:21:11.228 [AWT-EventQueue-0] INFO  org.example.Models.Behavior.UserBehavior - ;sdUserEntity{userName='m', numberPhone='m', password='m', hashPassword='62c66a7a5dd70c3146618063c344e531e6d4b59e379808443ce962b3abd63c5a', email='m@md.vo', created=Tue Jun 27 16:21:11 IRST 2023}
2023-06-27 16:21:24.479 [AWT-EventQueue-0] INFO  org.example.Models.Behavior.UserBehavior - user file readed 
2023-06-27 16:21:29.170 [AWT-EventQueue-0] INFO  org.example.Models.Behavior.UserBehavior - user with username :mtry to login
2023-06-27 16:21:46.192 [AWT-EventQueue-0] INFO  org.example.Models.Behavior.UserBehavior - ;sdUserEntity{userName='m', numberPhone='m', password='m', hashPassword='62c66a7a5dd70c3146618063c344e531e6d4b59e379808443ce962b3abd63c5a', email='m@ma.co', created=Tue Jun 27 16:21:46 IRST 2023}
2023-06-27 16:22:22.600 [AWT-EventQueue-0] INFO  org.example.Models.Behavior.UserBehavior - user file readed 
2023-06-27 16:22:26.637 [AWT-EventQueue-0] INFO  org.example.Models.Behavior.UserBehavior - user with username :mtry to login
2023-06-27 16:22:36.158 [AWT-EventQueue-0] INFO  org.example.Models.Behavior.UserBehavior - ;sdUserEntity{userName='m', numberPhone='m', password='m', hashPassword='62c66a7a5dd70c3146618063c344e531e6d4b59e379808443ce962b3abd63c5a', email='m@ci.co', created=Tue Jun 27 16:22:36 IRST 2023}
2023-06-27 16:22:48.598 [AWT-EventQueue-0] INFO  org.example.Models.Behavior.UserBehavior - user file readed 
2023-06-27 16:22:53.018 [AWT-EventQueue-0] INFO  org.example.Models.Behavior.UserBehavior - user with username :mtry to login
2023-06-27 16:23:36.009 [AWT-EventQueue-0] INFO  org.example.Models.Behavior.UserBehavior - user file readed 
2023-06-27 16:23:45.018 [AWT-EventQueue-0] INFO  org.example.Models.Behavior.UserBehavior - user with username :m.hoseinitry to login
2023-06-27 16:24:01.238 [AWT-EventQueue-0] INFO  org.example.Models.Behavior.UserBehavior - edit userUserEntity{userName='m.hoseini', numberPhone='09162785273', password='09162785273', hashPassword='041315fa36b25e90dfd56bf8a5bfb36699b4c39071cc5605828ac3cdf240f7f3', email='m.hoseini9266@gmail.com', created=Tue Jun 27 16:24:01 IRST 2023}
2023-06-27 16:24:27.113 [AWT-EventQueue-0] INFO  org.example.Models.Behavior.UserBehavior - edit userUserEntity{userName='m.hoseini', numberPhone='09162785273', password='09162785273', hashPassword='041315fa36b25e90dfd56bf8a5bfb36699b4c39071cc5605828ac3cdf240f7f3', email='m.hoseini9266@gmail.com', created=Tue Jun 27 16:24:27 IRST 2023}
2023-06-27 16:24:37.744 [AWT-EventQueue-0] INFO  org.example.Models.Behavior.UserBehavior - user file readed 
2023-06-27 16:24:51.995 [AWT-EventQueue-0] INFO  org.example.Models.Behavior.UserBehavior - user with username :m.hoseinitry to login
2023-06-27 16:25:11.106 [AWT-EventQueue-0] INFO  org.example.Models.Behavior.UserBehavior - edit userUserEntity{userName='m.hoseini', numberPhone='09162785273', password='09162785273', hashPassword='041315fa36b25e90dfd56bf8a5bfb36699b4c39071cc5605828ac3cdf240f7f3', email='m.hoseini9266@gmail.com', created=Tue Jun 27 16:25:11 IRST 2023}
2023-06-27 16:27:22.505 [AWT-EventQueue-0] INFO  org.example.Models.Behavior.UserBehavior - user file readed 
2023-06-27 16:27:34.672 [AWT-EventQueue-0] INFO  org.example.Models.Behavior.UserBehavior - user with username :m.hoseinitry to login
2023-06-27 16:27:44.745 [AWT-EventQueue-0] INFO  org.example.Models.Behavior.UserBehavior - edit userUserEntity{userName='m.hoseini', numberPhone='09162785273', password='09162785273', hashPassword='041315fa36b25e90dfd56bf8a5bfb36699b4c39071cc5605828ac3cdf240f7f3', email='m.hoseini9266@gmail.com', created=Tue Jun 27 16:27:44 IRST 2023}
2023-06-27 16:28:14.611 [AWT-EventQueue-0] INFO  org.example.Models.Behavior.UserBehavior - edit userUserEntity{userName='m.hoseini', numberPhone='09162785273', password='09162785273', hashPassword='041315fa36b25e90dfd56bf8a5bfb36699b4c39071cc5605828ac3cdf240f7f3', email='m.hoseini9266@gmail.com', created=Tue Jun 27 16:28:14 IRST 2023}
2023-06-27 16:32:28.867 [AWT-EventQueue-0] INFO  org.example.Models.Behavior.UserBehavior - user file readed 
2023-06-27 16:32:39.698 [AWT-EventQueue-0] INFO  org.example.Models.Behavior.UserBehavior - user with username :m.hoseinitry to login
2023-06-27 16:32:47.735 [AWT-EventQueue-0] INFO  org.example.Models.Behavior.UserBehavior - edit userUserEntity{userName='m.hoseini', numberPhone='09162785273', password='09162785273', hashPassword='041315fa36b25e90dfd56bf8a5bfb36699b4c39071cc5605828ac3cdf240f7f3', email='m.hoseini9266@gmail.com', created=Tue Jun 27 16:32:47 IRST 2023}
2023-06-27 16:33:53.820 [AWT-EventQueue-0] INFO  org.example.Models.Behavior.UserBehavior - user file readed 
2023-06-27 16:34:10.756 [AWT-EventQueue-0] INFO  org.example.Models.Behavior.UserBehavior - user with username :m.hoseinitry to login
2023-06-27 16:34:24.871 [AWT-EventQueue-0] INFO  org.example.Models.Behavior.UserBehavior - edit userUserEntity{userName='m.hoseini', numberPhone='09162785273', password='09162785273', hashPassword='041315fa36b25e90dfd56bf8a5bfb36699b4c39071cc5605828ac3cdf240f7f3', email='m.hoseini9266@gmail.com', created=Tue Jun 27 16:34:24 IRST 2023}
2023-06-27 16:36:43.575 [AWT-EventQueue-0] INFO  org.example.Models.Behavior.UserBehavior - user file readed 
2023-06-27 16:36:52.581 [AWT-EventQueue-0] INFO  org.example.Models.Behavior.UserBehavior - user with username :m.hoseinitry to login
2023-06-27 16:37:01.355 [AWT-EventQueue-0] INFO  org.example.Models.Behavior.UserBehavior - edit userUserEntity{userName='m.hoseini', numberPhone='09162785273', password='09162785273', hashPassword='041315fa36b25e90dfd56bf8a5bfb36699b4c39071cc5605828ac3cdf240f7f3', email='m.hoseini9266@gmail.com', created=Tue Jun 27 16:37:01 IRST 2023}
2023-06-27 16:39:41.417 [AWT-EventQueue-0] INFO  org.example.Models.Behavior.UserBehavior - user file readed 
2023-06-27 16:39:49.061 [AWT-EventQueue-0] INFO  org.example.Models.Behavior.UserBehavior - user file readed 
2023-06-27 16:39:57.395 [AWT-EventQueue-0] INFO  org.example.Models.Behavior.UserBehavior - user with username :m.hoseinitry to login
2023-06-27 16:43:03.697 [AWT-EventQueue-0] INFO  org.example.Models.Behavior.UserBehavior - edit userUserEntity{userName='m.hoseini', numberPhone='09162785273', password='09162785273', hashPassword='041315fa36b25e90dfd56bf8a5bfb36699b4c39071cc5605828ac3cdf240f7f3', email='m.hoseini9266@gmail.com', created=Tue Jun 27 16:42:56 IRST 2023}
2023-06-27 16:51:53.379 [AWT-EventQueue-0] INFO  org.example.Models.Behavior.UserBehavior - edit userUserEntity{userName='m.hoseini', numberPhone='09162785273', password='09162785273', hashPassword='041315fa36b25e90dfd56bf8a5bfb36699b4c39071cc5605828ac3cdf240f7f3', email='m.hoseini9266@gmail.com', created=Tue Jun 27 16:51:50 IRST 2023}
2023-06-27 16:52:27.860 [AWT-EventQueue-0] INFO  org.example.Models.Behavior.UserBehavior - edit userUserEntity{userName='m.hoseini', numberPhone='09162785274', password='09162785274', hashPassword='9cd94824cd18b2c0f954931de22707cffe581421fb15738f7026111657fc0f1f', email='m.hoseini9266@gmail.com', created=Tue Jun 27 16:52:27 IRST 2023}
2023-06-27 16:52:57.595 [AWT-EventQueue-0] INFO  org.example.Models.Behavior.UserBehavior - edit userUserEntity{userName='m.hoseini', numberPhone='09162785274', password='09162785274', hashPassword='9cd94824cd18b2c0f954931de22707cffe581421fb15738f7026111657fc0f1f', email='m.hoseini9266@gmail.com', created=Tue Jun 27 16:52:56 IRST 2023}
2023-06-27 16:53:21.007 [AWT-EventQueue-0] INFO  org.example.Models.Behavior.UserBehavior - edit userUserEntity{userName='m.hoseini', numberPhone='09162785273', password='09162785273', hashPassword='041315fa36b25e90dfd56bf8a5bfb36699b4c39071cc5605828ac3cdf240f7f3', email='m.hoseini9266@gmail.com', created=Tue Jun 27 16:53:20 IRST 2023}
2023-06-27 16:54:37.368 [AWT-EventQueue-0] INFO  org.example.Models.Behavior.UserBehavior - user file readed 
2023-06-27 16:54:46.838 [AWT-EventQueue-0] INFO  org.example.Models.Behavior.UserBehavior - user with username :m.hoseinitry to login
2023-06-27 16:54:56.756 [AWT-EventQueue-0] INFO  org.example.Models.Behavior.UserBehavior - edit userUserEntity{userName='m.hoseini', numberPhone='09162785273', password='m', hashPassword='62c66a7a5dd70c3146618063c344e531e6d4b59e379808443ce962b3abd63c5a', email='m.hoseini9266@gmail.com', created=Tue Jun 27 16:54:56 IRST 2023}
2023-06-27 16:55:08.182 [AWT-EventQueue-0] INFO  org.example.Models.Behavior.UserBehavior - user file readed 
2023-06-27 16:55:14.553 [AWT-EventQueue-0] INFO  org.example.Models.Behavior.UserBehavior - user with username :m.hoseinitry to login
2023-06-27 16:59:47.687 [AWT-EventQueue-0] INFO  org.example.Models.Behavior.UserBehavior - user file readed 
2023-06-27 16:59:52.966 [AWT-EventQueue-0] INFO  org.example.Models.Behavior.UserBehavior - user with username :m.hoseinitry to login
2023-06-27 17:00:05.350 [AWT-EventQueue-0] INFO  org.example.Models.Behavior.UserBehavior - edit userUserEntity{userName='m.hoseini', numberPhone='09162785273', password='m', hashPassword='62c66a7a5dd70c3146618063c344e531e6d4b59e379808443ce962b3abd63c5a', email='m.hoseini9266@gmail.com', created=Tue Jun 27 17:00:05 IRST 2023}
2023-06-27 17:03:28.750 [AWT-EventQueue-0] INFO  org.example.Models.Behavior.UserBehavior - user file readed 
2023-06-27 17:03:36.033 [AWT-EventQueue-0] INFO  org.example.Models.Behavior.UserBehavior - user with username :m.hoseinitry to login
